<?xml version="1.0" encoding="UTF-8"?>
<!-- Generated by org.testng.reporters.JUnitXMLReporter -->
<testsuite hostname="LAPTOP-0OIRHLOO" ignored="0" name="RestAssured Framework" tests="23" failures="0" timestamp="24 Jun 2019 13:39:24 GMT" time="26.12" errors="0">
  <testcase name="checkContentEncoding" time="0.006" classname="com.employeeapi.testcase.TC001_GetAllEmployees"/>
  <testcase name="checkContentLength" time="0.001" classname="com.employeeapi.testcase.TC001_GetAllEmployees"/>
  <testcase name="checkContentType" time="0.002" classname="com.employeeapi.testcase.TC001_GetAllEmployees"/>
  <testcase name="checkResponseBody" time="0.033" classname="com.employeeapi.testcase.TC001_GetAllEmployees"/>
  <testcase name="checkResponseTime" time="0.001" classname="com.employeeapi.testcase.TC001_GetAllEmployees"/>
  <testcase name="checkStatusCode" time="0.001" classname="com.employeeapi.testcase.TC001_GetAllEmployees"/>
  <testcase name="checkStatusLine" time="0.001" classname="com.employeeapi.testcase.TC001_GetAllEmployees"/>
  <testcase name="checkCookies" time="0.003" classname="com.employeeapi.testcase.TC002_SearchForEmp"/>
  <testcase name="checkEmployeeDetails" time="0.003" classname="com.employeeapi.testcase.TC002_SearchForEmp"/>
  <testcase name="checkServer" time="0.002" classname="com.employeeapi.testcase.TC002_SearchForEmp"/>
  <testcase name="checkStatusCode" time="0.001" classname="com.employeeapi.testcase.TC002_SearchForEmp"/>
  <testcase name="checkStatusLine" time="0.001" classname="com.employeeapi.testcase.TC002_SearchForEmp"/>
  <testcase name="chcekStatusLine" time="0.001" classname="com.employeeapi.testcase.TC003_CreateAnEmployee"/>
  <testcase name="checkContentEncoding" time="0.001" classname="com.employeeapi.testcase.TC003_CreateAnEmployee"/>
  <testcase name="checkContentType" time="0.001" classname="com.employeeapi.testcase.TC003_CreateAnEmployee"/>
  <testcase name="checkResponse" time="0.359" classname="com.employeeapi.testcase.TC003_CreateAnEmployee"/>
  <testcase name="checkServerType" time="0.002" classname="com.employeeapi.testcase.TC003_CreateAnEmployee"/>
  <testcase name="checkStatusCode" time="0.002" classname="com.employeeapi.testcase.TC003_CreateAnEmployee"/>
  <testcase name="checUpdateDetails" time="0.022" classname="com.employeeapi.testcase.TC004_UpdateEmpDetails"/>
  <testcase name="checkStatusCode" time="0.001" classname="com.employeeapi.testcase.TC004_UpdateEmpDetails"/>
  <testcase name="checkStatusLine" time="0.001" classname="com.employeeapi.testcase.TC004_UpdateEmpDetails"/>
  <testcase name="checkReponseMessage" time="0.001" classname="com.employeeapi.testcase.TC005_DeleteAnEmployee"/>
  <testcase name="checkEmpExistsAfterDelete" time="1.374" classname="com.employeeapi.testcase.TC005_DeleteAnEmployee"/>
</testsuite> <!-- RestAssured Framework -->
