<?xml version="1.0" encoding="UTF-8"?>
<!-- Generated by org.testng.reporters.JUnitXMLReporter -->
<testsuite hostname="LAPTOP-0OIRHLOO" ignored="0" name="Default test" tests="2" failures="0" timestamp="23 Jun 2019 11:59:19 GMT" time="7.865" errors="0">
  <testcase name="checkReponseMessage" time="0.006" classname="com.employeeapi.testcase.TC005_DeleteAnEmployee"/>
  <testcase name="checkEmpExistsAfterDelete" time="1.141" classname="com.employeeapi.testcase.TC005_DeleteAnEmployee"/>
</testsuite> <!-- Default test -->
