<?xml version="1.0" encoding="UTF-8"?>
<!-- Generated by org.testng.reporters.JUnitXMLReporter -->
<testsuite hostname="LAPTOP-0OIRHLOO" ignored="0" name="RestAssured Framework" tests="23" failures="1" timestamp="24 Jun 2019 12:37:14 GMT" time="24.588" errors="0">
  <testcase name="checkContentEncoding" time="0.006" classname="com.employeeapi.testcase.TC001_GetAllEmployees"/>
  <testcase name="checkContentLength" time="0.003" classname="com.employeeapi.testcase.TC001_GetAllEmployees">
    <failure type="java.lang.AssertionError" message="expected [true] but found [false]">
      <![CDATA[java.lang.AssertionError: expected [true] but found [false]
at com.employeeapi.testcase.TC001_GetAllEmployees.checkContentLength(TC001_GetAllEmployees.java:76)
at java.util.concurrent.FutureTask.run(FutureTask.java:266)
at java.util.concurrent.ThreadPoolExecutor.runWorker(ThreadPoolExecutor.java:1149)
at java.util.concurrent.ThreadPoolExecutor$Worker.run(ThreadPoolExecutor.java:624)
at java.lang.Thread.run(Thread.java:748)
... Removed 20 stack frames]]>
    </failure>
  </testcase> <!-- checkContentLength -->
  <testcase name="checkContentType" time="0.001" classname="com.employeeapi.testcase.TC001_GetAllEmployees"/>
  <testcase name="checkResponseBody" time="0.024" classname="com.employeeapi.testcase.TC001_GetAllEmployees"/>
  <testcase name="checkResponseTime" time="0.002" classname="com.employeeapi.testcase.TC001_GetAllEmployees"/>
  <testcase name="checkStatusCode" time="0.001" classname="com.employeeapi.testcase.TC001_GetAllEmployees"/>
  <testcase name="checkStatusLine" time="0.002" classname="com.employeeapi.testcase.TC001_GetAllEmployees"/>
  <testcase name="checkCookies" time="0.002" classname="com.employeeapi.testcase.TC002_SearchForEmp"/>
  <testcase name="checkEmployeeDetails" time="0.003" classname="com.employeeapi.testcase.TC002_SearchForEmp"/>
  <testcase name="checkServer" time="0.001" classname="com.employeeapi.testcase.TC002_SearchForEmp"/>
  <testcase name="checkStatusCode" time="0.001" classname="com.employeeapi.testcase.TC002_SearchForEmp"/>
  <testcase name="checkStatusLine" time="0.001" classname="com.employeeapi.testcase.TC002_SearchForEmp"/>
  <testcase name="chcekStatusLine" time="0.002" classname="com.employeeapi.testcase.TC003_CreateAnEmployee"/>
  <testcase name="checkContentEncoding" time="0.002" classname="com.employeeapi.testcase.TC003_CreateAnEmployee"/>
  <testcase name="checkContentType" time="0.002" classname="com.employeeapi.testcase.TC003_CreateAnEmployee"/>
  <testcase name="checkResponse" time="0.273" classname="com.employeeapi.testcase.TC003_CreateAnEmployee"/>
  <testcase name="checkServerType" time="0.001" classname="com.employeeapi.testcase.TC003_CreateAnEmployee"/>
  <testcase name="checkStatusCode" time="0.001" classname="com.employeeapi.testcase.TC003_CreateAnEmployee"/>
  <testcase name="checUpdateDetails" time="0.018" classname="com.employeeapi.testcase.TC004_UpdateEmpDetails"/>
  <testcase name="checkStatusCode" time="0.0" classname="com.employeeapi.testcase.TC004_UpdateEmpDetails"/>
  <testcase name="checkStatusLine" time="0.001" classname="com.employeeapi.testcase.TC004_UpdateEmpDetails"/>
  <testcase name="checkReponseMessage" time="0.003" classname="com.employeeapi.testcase.TC005_DeleteAnEmployee"/>
  <testcase name="checkEmpExistsAfterDelete" time="1.459" classname="com.employeeapi.testcase.TC005_DeleteAnEmployee"/>
</testsuite> <!-- RestAssured Framework -->
